android/app/build/intermediates/manifest_merge_blame_file/debug/manifest-merger-blame-debug-report.txt
1<?xml version="1.0" encoding="utf-8"?>
2<manifest xmlns:android="http://schemas.android.com/apk/res/android"
3    package="com.awesomejs"
4    android:versionCode="1"
5    android:versionName="1.0" >
6
7    <uses-sdk
8        android:minSdkVersion="21"
9        android:targetSdkVersion="29" />
10
11    <uses-permission android:name="android.permission.SYSTEM_ALERT_WINDOW" />
11-->src/debug/AndroidManifest.xml:5:5-77
11-->src/debug/AndroidManifest.xml:5:22-75
12    <uses-permission android:name="android.permission.INTERNET" />
12-->src/main/AndroidManifest.xml:4:5-67
12-->src/main/AndroidManifest.xml:4:22-64
13    <uses-permission android:name="android.permission.ACCESS_NETWORK_STATE" />
13-->src/main/AndroidManifest.xml:5:5-78
13-->src/main/AndroidManifest.xml:5:22-76
14    <uses-permission android:name="android.permission.READ_EXTERNAL_STORAGE" />
14-->src/main/AndroidManifest.xml:6:5-80
14-->src/main/AndroidManifest.xml:6:22-77
15    <uses-permission android:name="android.permission.WRITE_EXTERNAL_STORAGE" />
15-->src/main/AndroidManifest.xml:7:5-81
15-->src/main/AndroidManifest.xml:7:22-78
16    <uses-permission android:name="android.permission.ACCESS_WIFI_STATE" />
16-->[com.facebook.flipper:flipper:0.75.1] AndroidManifest.xml:16:5-76
16-->[com.facebook.flipper:flipper:0.75.1] AndroidManifest.xml:16:22-73
17
18    <application
18-->src/main/AndroidManifest.xml:9:5-27:19
19        android:name="com.awesomejs.MainApplication"
19-->src/main/AndroidManifest.xml:10:7-38
20        android:allowBackup="false"
20-->src/main/AndroidManifest.xml:14:7-34
21        android:appComponentFactory="androidx.core.app.CoreComponentFactory"
21-->[androidx.core:core:1.1.0] AndroidManifest.xml:24:18-86
22        android:debuggable="true"
23        android:icon="@mipmap/ic_launcher"
23-->src/main/AndroidManifest.xml:12:7-41
24        android:label="@string/app_name"
24-->src/main/AndroidManifest.xml:11:7-39
25        android:roundIcon="@mipmap/ic_launcher_round"
25-->src/main/AndroidManifest.xml:13:7-52
26        android:theme="@style/AppTheme"
26-->src/main/AndroidManifest.xml:15:7-38
27        android:usesCleartextTraffic="true" >
27-->src/debug/AndroidManifest.xml:8:9-44
28        <activity android:name="com.facebook.react.devsupport.DevSettingsActivity" />
28-->src/debug/AndroidManifest.xml:11:9-86
28-->src/debug/AndroidManifest.xml:11:19-83
29        <activity
29-->src/main/AndroidManifest.xml:16:7-26:18
30            android:name="com.awesomejs.MainActivity"
30-->src/main/AndroidManifest.xml:17:9-37
31            android:configChanges="keyboard|keyboardHidden|orientation|screenSize|uiMode"
31-->src/main/AndroidManifest.xml:19:9-86
32            android:label="@string/app_name"
32-->src/main/AndroidManifest.xml:18:9-41
33            android:launchMode="singleTask"
33-->src/main/AndroidManifest.xml:20:9-40
34            android:windowSoftInputMode="adjustResize" >
34-->src/main/AndroidManifest.xml:21:9-51
35            <intent-filter>
35-->src/main/AndroidManifest.xml:22:9-25:25
36                <action android:name="android.intent.action.MAIN" />
36-->src/main/AndroidManifest.xml:23:13-65
36-->src/main/AndroidManifest.xml:23:21-62
37
38                <category android:name="android.intent.category.LAUNCHER" />
38-->src/main/AndroidManifest.xml:24:13-73
38-->src/main/AndroidManifest.xml:24:23-70
39            </intent-filter>
40        </activity>
41    </application>
42
43</manifest>